{"/Users/alexander/new-beginnings/src/api.js": {"path":"/Users/alexander/new-beginnings/src/api.js","all":false,"statementMap":{"0":{"start":{"line":1,"column":0},"end":{"line":1,"column":31}},"1":{"start":{"line":2,"column":0},"end":{"line":2,"column":0}},"2":{"start":{"line":3,"column":0},"end":{"line":3,"column":47}}},"s":{"0":1,"1":1,"2":1},"branchMap":{"0":{"type":"branch","line":3,"loc":{"start":{"line":3,"column":22},"end":{"line":3,"column":47}},"locations":[{"start":{"line":3,"column":22},"end":{"line":3,"column":47}}]},"1":{"type":"branch","line":3,"loc":{"start":{"line":3,"column":38},"end":{"line":3,"column":47}},"locations":[{"start":{"line":3,"column":38},"end":{"line":3,"column":47}}]}},"b":{"0":[2],"1":[1]},"fnMap":{"0":{"name":"Object.<anonymous>.exports.getUniqueId","decl":{"start":{"line":3,"column":22},"end":{"line":3,"column":47}},"loc":{"start":{"line":3,"column":22},"end":{"line":3,"column":47}},"line":3}},"f":{"0":2}}
}
